/*C4*/SET SCHEMA PUBLIC
alter table Purchase_SOLD_ITEM drop constraint FKn8lfsw46bg6tpj2l9ltt1xlv
alter table Purchase_SOLD_ITEM drop constraint FK2k8xmr6qx3pc7y77cd0mexyj9
alter table SOLD_ITEM drop constraint FKjuw188l4xywgixc3jfftmiab6
drop table Purchase if exists
drop table Purchase_SOLD_ITEM if exists
drop table SOLD_ITEM if exists
drop table STOCK_ITEM if exists
drop sequence hibernate_sequence if exists
create sequence hibernate_sequence start with 1 increment by 1
create table Purchase (id bigint not null, DATE_OF_PURCHASE date, TIME_OF_PURCHASE time, primary key (id))
create table Purchase_SOLD_ITEM (Purchase_id bigint not null, boughtItems_id bigint not null)
create table SOLD_ITEM (id bigint not null, barcode bigint not null, name varchar(255), quantity integer not null, Purchase_ID bigint not null, primary key (id))
create table STOCK_ITEM (barCode bigint not null, name varchar(255), price double not null, quantity integer not null, primary key (barCode))
alter table Purchase_SOLD_ITEM add constraint UK_qbeo0qjidtmmi38205dxhuk3g unique (boughtItems_id)
alter table Purchase_SOLD_ITEM add constraint FKn8lfsw46bg6tpj2l9ltt1xlv foreign key (boughtItems_id) references SOLD_ITEM
alter table Purchase_SOLD_ITEM add constraint FK2k8xmr6qx3pc7y77cd0mexyj9 foreign key (Purchase_id) references Purchase
alter table SOLD_ITEM add constraint FKjuw188l4xywgixc3jfftmiab6 foreign key (Purchase_ID) references Purchase
INSERT INTO STOCK_ITEM VALUES(1,'Lays chips',11.0E0,5)
INSERT INTO STOCK_ITEM VALUES(2,'Chupa-chups',8.0E0,8)
INSERT INTO STOCK_ITEM VALUES(3,'Frankfurters',15.0E0,12)
INSERT INTO STOCK_ITEM VALUES(4,'Free Beer',0.0E0,100)
INSERT INTO STOCK_ITEM VALUES(5,'Sussy baka',3.0E0,91)
INSERT INTO STOCK_ITEM VALUES(6,'Los pollos hermanos',80.0E0,1)
INSERT INTO STOCK_ITEM VALUES(7,'Aboltus',7.0E0,1)
INSERT INTO STOCK_ITEM VALUES(8,'\u6211\u4eec\u559c\u6b22\u8336',0.0E0,8)
INSERT INTO STOCK_ITEM VALUES(9,'Eboldas',0.0E0,1)
INSERT INTO STOCK_ITEM VALUES(10,'Kebab',6.9E0,3)
INSERT INTO STOCK_ITEM VALUES(11,'Noodles',5.5E0,2)
INSERT INTO STOCK_ITEM VALUES(12,'Sirka dish',11.0E0,3)
INSERT INTO STOCK_ITEM VALUES(13,'Lasagne',5.8E0,4)
INSERT INTO STOCK_ITEM VALUES(14,'Mao pao chicken',6.5E0,1)
INSERT INTO STOCK_ITEM VALUES(15,'\u6211\u4eec\u559c\u6b22\u5496\u5561',44.0E0,44)
COMMIT
INSERT INTO PURCHASE VALUES(1,'2021-05-12','8:57:00')
INSERT INTO SOLD_ITEM VALUES(2,1,'Lays chips',32,1)
INSERT INTO SOLD_ITEM VALUES(3,3,'Frankfurters',37,1)
INSERT INTO SOLD_ITEM VALUES(4,5,'Sussy baka',6,1)
INSERT INTO SOLD_ITEM VALUES(5,8,'\u6211\u4eec\u559c\u6b22\u8336',18,1)
INSERT INTO SOLD_ITEM VALUES(6,9,'Eboldas',37,1)
INSERT INTO SOLD_ITEM VALUES(7,11,'Noodles',44,1)
INSERT INTO SOLD_ITEM VALUES(8,12,'Sirka dish',8,1)
INSERT INTO SOLD_ITEM VALUES(9,14,'Mao pao chicken',69,1)
INSERT INTO PURCHASE VALUES(10,'2020-05-22','8:06:00')
INSERT INTO SOLD_ITEM VALUES(11,1,'Lays chips',36,10)
INSERT INTO SOLD_ITEM VALUES(12,5,'Sussy baka',8,10)
INSERT INTO SOLD_ITEM VALUES(13,8,'\u6211\u4eec\u559c\u6b22\u8336',48,10)
INSERT INTO SOLD_ITEM VALUES(14,9,'Eboldas',10,10)
INSERT INTO SOLD_ITEM VALUES(15,10,'Kebab',48,10)
INSERT INTO SOLD_ITEM VALUES(16,12,'Sirka dish',39,10)
INSERT INTO SOLD_ITEM VALUES(17,13,'Lasagne',30,10)
INSERT INTO SOLD_ITEM VALUES(18,14,'Mao pao chicken',14,10)
INSERT INTO PURCHASE VALUES(19,'2021-11-12','11:37:00')
INSERT INTO SOLD_ITEM VALUES(20,2,'Chupa-chups',37,19)
INSERT INTO SOLD_ITEM VALUES(21,3,'Frankfurters',24,19)
INSERT INTO SOLD_ITEM VALUES(22,5,'Sussy baka',42,19)
INSERT INTO SOLD_ITEM VALUES(23,7,'Aboltus',44,19)
INSERT INTO SOLD_ITEM VALUES(24,9,'Eboldas',20,19)
INSERT INTO SOLD_ITEM VALUES(25,10,'Kebab',28,19)
INSERT INTO SOLD_ITEM VALUES(26,12,'Sirka dish',10,19)
INSERT INTO SOLD_ITEM VALUES(27,13,'Lasagne',4,19)
INSERT INTO PURCHASE VALUES(28,'2021-10-11','5:31:00')
INSERT INTO SOLD_ITEM VALUES(29,4,'Free Beer',28,28)
INSERT INTO PURCHASE VALUES(30,'2020-10-27','16:32:00')
INSERT INTO SOLD_ITEM VALUES(31,1,'Lays chips',26,30)
INSERT INTO SOLD_ITEM VALUES(32,4,'Free Beer',28,30)
INSERT INTO SOLD_ITEM VALUES(33,8,'\u6211\u4eec\u559c\u6b22\u8336',62,30)
INSERT INTO SOLD_ITEM VALUES(34,10,'Kebab',66,30)
INSERT INTO SOLD_ITEM VALUES(35,14,'Mao pao chicken',24,30)
INSERT INTO PURCHASE VALUES(36,'2019-09-17','5:44:00')
INSERT INTO SOLD_ITEM VALUES(37,3,'Frankfurters',10,36)
INSERT INTO SOLD_ITEM VALUES(38,5,'Sussy baka',38,36)
INSERT INTO SOLD_ITEM VALUES(39,6,'Los pollos hermanos',4,36)
INSERT INTO SOLD_ITEM VALUES(40,7,'Aboltus',36,36)
INSERT INTO SOLD_ITEM VALUES(41,9,'Eboldas',66,36)
INSERT INTO SOLD_ITEM VALUES(42,11,'Noodles',24,36)
INSERT INTO SOLD_ITEM VALUES(43,12,'Sirka dish',90,36)
INSERT INTO SOLD_ITEM VALUES(44,13,'Lasagne',8,36)
INSERT INTO PURCHASE VALUES(45,'2021-10-19','12:46:00')
INSERT INTO SOLD_ITEM VALUES(46,5,'Sussy baka',12,45)
INSERT INTO SOLD_ITEM VALUES(47,8,'\u6211\u4eec\u559c\u6b22\u8336',51,45)
INSERT INTO SOLD_ITEM VALUES(48,10,'Kebab',26,45)
INSERT INTO SOLD_ITEM VALUES(49,11,'Noodles',36,45)
INSERT INTO SOLD_ITEM VALUES(50,12,'Sirka dish',36,45)
INSERT INTO PURCHASE VALUES(51,'2020-10-12','16:01:00')
INSERT INTO SOLD_ITEM VALUES(52,3,'Frankfurters',62,51)
INSERT INTO SOLD_ITEM VALUES(53,5,'Sussy baka',10,51)
INSERT INTO SOLD_ITEM VALUES(54,6,'Los pollos hermanos',24,51)
INSERT INTO SOLD_ITEM VALUES(55,7,'Aboltus',56,51)
INSERT INTO SOLD_ITEM VALUES(56,9,'Eboldas',32,51)
INSERT INTO SOLD_ITEM VALUES(57,10,'Kebab',4,51)
INSERT INTO SOLD_ITEM VALUES(58,11,'Noodles',22,51)
INSERT INTO SOLD_ITEM VALUES(59,12,'Sirka dish',36,51)
INSERT INTO SOLD_ITEM VALUES(60,13,'Lasagne',42,51)
INSERT INTO SOLD_ITEM VALUES(61,14,'Mao pao chicken',28,51)
INSERT INTO SOLD_ITEM VALUES(62,15,'\u6211\u4eec\u559c\u6b22\u5496\u5561',64,51)
INSERT INTO PURCHASE VALUES(63,'2020-11-04','2:37:00')
INSERT INTO SOLD_ITEM VALUES(64,3,'Frankfurters',18,63)
INSERT INTO SOLD_ITEM VALUES(65,10,'Kebab',8,63)
INSERT INTO SOLD_ITEM VALUES(66,14,'Mao pao chicken',68,63)
INSERT INTO SOLD_ITEM VALUES(67,15,'\u6211\u4eec\u559c\u6b22\u5496\u5561',52,63)
INSERT INTO PURCHASE VALUES(68,'2019-10-19','11:25:00')
INSERT INTO SOLD_ITEM VALUES(69,2,'Chupa-chups',26,68)
INSERT INTO SOLD_ITEM VALUES(70,7,'Aboltus',50,68)
INSERT INTO SOLD_ITEM VALUES(71,10,'Kebab',60,68)
INSERT INTO SOLD_ITEM VALUES(72,12,'Sirka dish',26,68)
INSERT INTO SOLD_ITEM VALUES(73,13,'Lasagne',77,68)
INSERT INTO SOLD_ITEM VALUES(74,14,'Mao pao chicken',42,68)
INSERT INTO SOLD_ITEM VALUES(75,15,'\u6211\u4eec\u559c\u6b22\u5496\u5561',50,68)
INSERT INTO PURCHASE VALUES(76,'2021-11-09','20:07:00')
INSERT INTO SOLD_ITEM VALUES(77,3,'Frankfurters',61,76)
INSERT INTO SOLD_ITEM VALUES(78,4,'Free Beer',51,76)
INSERT INTO SOLD_ITEM VALUES(79,6,'Los pollos hermanos',40,76)
INSERT INTO SOLD_ITEM VALUES(80,8,'\u6211\u4eec\u559c\u6b22\u8336',36,76)
INSERT INTO SOLD_ITEM VALUES(81,9,'Eboldas',16,76)
INSERT INTO SOLD_ITEM VALUES(82,10,'Kebab',59,76)
INSERT INTO SOLD_ITEM VALUES(83,12,'Sirka dish',30,76)
INSERT INTO PURCHASE VALUES(84,'2020-04-01','14:54:00')
INSERT INTO SOLD_ITEM VALUES(85,1,'Lays chips',42,84)
INSERT INTO SOLD_ITEM VALUES(86,2,'Chupa-chups',4,84)
INSERT INTO SOLD_ITEM VALUES(87,5,'Sussy baka',46,84)
INSERT INTO SOLD_ITEM VALUES(88,8,'\u6211\u4eec\u559c\u6b22\u8336',35,84)
INSERT INTO SOLD_ITEM VALUES(89,10,'Kebab',58,84)
INSERT INTO SOLD_ITEM VALUES(90,13,'Lasagne',34,84)
INSERT INTO SOLD_ITEM VALUES(91,14,'Mao pao chicken',10,84)
INSERT INTO SOLD_ITEM VALUES(92,15,'\u6211\u4eec\u559c\u6b22\u5496\u5561',44,84)
INSERT INTO PURCHASE VALUES(93,'2022-04-14','0:42:00')
INSERT INTO SOLD_ITEM VALUES(94,1,'Lays chips',6,93)
INSERT INTO SOLD_ITEM VALUES(95,2,'Chupa-chups',27,93)
INSERT INTO SOLD_ITEM VALUES(96,3,'Frankfurters',30,93)
INSERT INTO SOLD_ITEM VALUES(97,6,'Los pollos hermanos',91,93)
INSERT INTO SOLD_ITEM VALUES(98,12,'Sirka dish',38,93)
INSERT INTO SOLD_ITEM VALUES(99,14,'Mao pao chicken',46,93)
INSERT INTO SOLD_ITEM VALUES(100,15,'\u6211\u4eec\u559c\u6b22\u5496\u5561',45,93)
INSERT INTO PURCHASE VALUES(101,'2022-04-22','17:39:00')
INSERT INTO SOLD_ITEM VALUES(102,2,'Chupa-chups',44,101)
INSERT INTO SOLD_ITEM VALUES(103,4,'Free Beer',16,101)
INSERT INTO SOLD_ITEM VALUES(104,5,'Sussy baka',34,101)
INSERT INTO SOLD_ITEM VALUES(105,9,'Eboldas',44,101)
INSERT INTO SOLD_ITEM VALUES(106,10,'Kebab',36,101)
INSERT INTO SOLD_ITEM VALUES(107,12,'Sirka dish',48,101)
INSERT INTO SOLD_ITEM VALUES(108,13,'Lasagne',40,101)
INSERT INTO SOLD_ITEM VALUES(109,15,'\u6211\u4eec\u559c\u6b22\u5496\u5561',20,101)
INSERT INTO PURCHASE VALUES(110,'2021-02-08','12:33:00')
INSERT INTO SOLD_ITEM VALUES(111,1,'Lays chips',6,110)
INSERT INTO SOLD_ITEM VALUES(112,2,'Chupa-chups',50,110)
INSERT INTO SOLD_ITEM VALUES(113,3,'Frankfurters',38,110)
INSERT INTO SOLD_ITEM VALUES(114,5,'Sussy baka',106,110)
INSERT INTO SOLD_ITEM VALUES(115,6,'Los pollos hermanos',26,110)
INSERT INTO SOLD_ITEM VALUES(116,7,'Aboltus',20,110)
INSERT INTO SOLD_ITEM VALUES(117,11,'Noodles',18,110)
INSERT INTO SOLD_ITEM VALUES(118,12,'Sirka dish',40,110)
INSERT INTO SOLD_ITEM VALUES(119,14,'Mao pao chicken',16,110)
INSERT INTO PURCHASE VALUES(120,'2022-04-08','5:47:00')
INSERT INTO SOLD_ITEM VALUES(121,3,'Frankfurters',22,120)
INSERT INTO SOLD_ITEM VALUES(122,4,'Free Beer',2,120)
INSERT INTO SOLD_ITEM VALUES(123,8,'\u6211\u4eec\u559c\u6b22\u8336',14,120)
INSERT INTO PURCHASE VALUES(124,'2022-06-13','2:49:00')
INSERT INTO SOLD_ITEM VALUES(125,4,'Free Beer',40,124)
INSERT INTO SOLD_ITEM VALUES(126,5,'Sussy baka',60,124)
INSERT INTO SOLD_ITEM VALUES(127,7,'Aboltus',32,124)
INSERT INTO SOLD_ITEM VALUES(128,9,'Eboldas',54,124)
INSERT INTO SOLD_ITEM VALUES(129,11,'Noodles',69,124)
INSERT INTO PURCHASE VALUES(130,'2022-02-26','11:27:00')
INSERT INTO SOLD_ITEM VALUES(131,2,'Chupa-chups',38,130)
INSERT INTO SOLD_ITEM VALUES(132,4,'Free Beer',28,130)
INSERT INTO SOLD_ITEM VALUES(133,6,'Los pollos hermanos',34,130)
INSERT INTO SOLD_ITEM VALUES(134,12,'Sirka dish',22,130)
INSERT INTO PURCHASE VALUES(135,'2021-03-16','14:28:00')
INSERT INTO SOLD_ITEM VALUES(136,2,'Chupa-chups',56,135)
INSERT INTO SOLD_ITEM VALUES(137,3,'Frankfurters',74,135)
INSERT INTO SOLD_ITEM VALUES(138,10,'Kebab',4,135)
INSERT INTO SOLD_ITEM VALUES(139,11,'Noodles',34,135)
INSERT INTO SOLD_ITEM VALUES(140,13,'Lasagne',56,135)
INSERT INTO PURCHASE_SOLD_ITEM VALUES(1,2)
INSERT INTO PURCHASE_SOLD_ITEM VALUES(1,3)
INSERT INTO PURCHASE_SOLD_ITEM VALUES(1,4)
INSERT INTO PURCHASE_SOLD_ITEM VALUES(1,5)
INSERT INTO PURCHASE_SOLD_ITEM VALUES(1,6)
INSERT INTO PURCHASE_SOLD_ITEM VALUES(1,7)
INSERT INTO PURCHASE_SOLD_ITEM VALUES(1,8)
INSERT INTO PURCHASE_SOLD_ITEM VALUES(1,9)
INSERT INTO PURCHASE_SOLD_ITEM VALUES(10,11)
INSERT INTO PURCHASE_SOLD_ITEM VALUES(10,12)
INSERT INTO PURCHASE_SOLD_ITEM VALUES(10,13)
INSERT INTO PURCHASE_SOLD_ITEM VALUES(10,14)
INSERT INTO PURCHASE_SOLD_ITEM VALUES(10,15)
INSERT INTO PURCHASE_SOLD_ITEM VALUES(10,16)
INSERT INTO PURCHASE_SOLD_ITEM VALUES(10,17)
INSERT INTO PURCHASE_SOLD_ITEM VALUES(10,18)
INSERT INTO PURCHASE_SOLD_ITEM VALUES(19,20)
INSERT INTO PURCHASE_SOLD_ITEM VALUES(19,21)
INSERT INTO PURCHASE_SOLD_ITEM VALUES(19,22)
INSERT INTO PURCHASE_SOLD_ITEM VALUES(19,23)
INSERT INTO PURCHASE_SOLD_ITEM VALUES(19,24)
INSERT INTO PURCHASE_SOLD_ITEM VALUES(19,25)
INSERT INTO PURCHASE_SOLD_ITEM VALUES(19,26)
INSERT INTO PURCHASE_SOLD_ITEM VALUES(19,27)
INSERT INTO PURCHASE_SOLD_ITEM VALUES(28,29)
INSERT INTO PURCHASE_SOLD_ITEM VALUES(30,31)
INSERT INTO PURCHASE_SOLD_ITEM VALUES(30,32)
INSERT INTO PURCHASE_SOLD_ITEM VALUES(30,33)
INSERT INTO PURCHASE_SOLD_ITEM VALUES(30,34)
INSERT INTO PURCHASE_SOLD_ITEM VALUES(30,35)
INSERT INTO PURCHASE_SOLD_ITEM VALUES(36,37)
INSERT INTO PURCHASE_SOLD_ITEM VALUES(36,38)
INSERT INTO PURCHASE_SOLD_ITEM VALUES(36,39)
INSERT INTO PURCHASE_SOLD_ITEM VALUES(36,40)
INSERT INTO PURCHASE_SOLD_ITEM VALUES(36,41)
INSERT INTO PURCHASE_SOLD_ITEM VALUES(36,42)
INSERT INTO PURCHASE_SOLD_ITEM VALUES(36,43)
INSERT INTO PURCHASE_SOLD_ITEM VALUES(36,44)
INSERT INTO PURCHASE_SOLD_ITEM VALUES(45,46)
INSERT INTO PURCHASE_SOLD_ITEM VALUES(45,47)
INSERT INTO PURCHASE_SOLD_ITEM VALUES(45,48)
INSERT INTO PURCHASE_SOLD_ITEM VALUES(45,49)
INSERT INTO PURCHASE_SOLD_ITEM VALUES(45,50)
INSERT INTO PURCHASE_SOLD_ITEM VALUES(51,52)
INSERT INTO PURCHASE_SOLD_ITEM VALUES(51,53)
INSERT INTO PURCHASE_SOLD_ITEM VALUES(51,54)
INSERT INTO PURCHASE_SOLD_ITEM VALUES(51,55)
INSERT INTO PURCHASE_SOLD_ITEM VALUES(51,56)
INSERT INTO PURCHASE_SOLD_ITEM VALUES(51,57)
INSERT INTO PURCHASE_SOLD_ITEM VALUES(51,58)
INSERT INTO PURCHASE_SOLD_ITEM VALUES(51,59)
INSERT INTO PURCHASE_SOLD_ITEM VALUES(51,60)
INSERT INTO PURCHASE_SOLD_ITEM VALUES(51,61)
INSERT INTO PURCHASE_SOLD_ITEM VALUES(51,62)
INSERT INTO PURCHASE_SOLD_ITEM VALUES(63,64)
INSERT INTO PURCHASE_SOLD_ITEM VALUES(63,65)
INSERT INTO PURCHASE_SOLD_ITEM VALUES(63,66)
INSERT INTO PURCHASE_SOLD_ITEM VALUES(63,67)
INSERT INTO PURCHASE_SOLD_ITEM VALUES(68,69)
INSERT INTO PURCHASE_SOLD_ITEM VALUES(68,70)
INSERT INTO PURCHASE_SOLD_ITEM VALUES(68,71)
INSERT INTO PURCHASE_SOLD_ITEM VALUES(68,72)
INSERT INTO PURCHASE_SOLD_ITEM VALUES(68,73)
INSERT INTO PURCHASE_SOLD_ITEM VALUES(68,74)
INSERT INTO PURCHASE_SOLD_ITEM VALUES(68,75)
INSERT INTO PURCHASE_SOLD_ITEM VALUES(76,77)
INSERT INTO PURCHASE_SOLD_ITEM VALUES(76,78)
INSERT INTO PURCHASE_SOLD_ITEM VALUES(76,79)
INSERT INTO PURCHASE_SOLD_ITEM VALUES(76,80)
INSERT INTO PURCHASE_SOLD_ITEM VALUES(76,81)
INSERT INTO PURCHASE_SOLD_ITEM VALUES(76,82)
INSERT INTO PURCHASE_SOLD_ITEM VALUES(76,83)
INSERT INTO PURCHASE_SOLD_ITEM VALUES(84,85)
INSERT INTO PURCHASE_SOLD_ITEM VALUES(84,86)
INSERT INTO PURCHASE_SOLD_ITEM VALUES(84,87)
INSERT INTO PURCHASE_SOLD_ITEM VALUES(84,88)
INSERT INTO PURCHASE_SOLD_ITEM VALUES(84,89)
INSERT INTO PURCHASE_SOLD_ITEM VALUES(84,90)
INSERT INTO PURCHASE_SOLD_ITEM VALUES(84,91)
INSERT INTO PURCHASE_SOLD_ITEM VALUES(84,92)
INSERT INTO PURCHASE_SOLD_ITEM VALUES(93,94)
INSERT INTO PURCHASE_SOLD_ITEM VALUES(93,95)
INSERT INTO PURCHASE_SOLD_ITEM VALUES(93,96)
INSERT INTO PURCHASE_SOLD_ITEM VALUES(93,97)
INSERT INTO PURCHASE_SOLD_ITEM VALUES(93,98)
INSERT INTO PURCHASE_SOLD_ITEM VALUES(93,99)
INSERT INTO PURCHASE_SOLD_ITEM VALUES(93,100)
INSERT INTO PURCHASE_SOLD_ITEM VALUES(101,102)
INSERT INTO PURCHASE_SOLD_ITEM VALUES(101,103)
INSERT INTO PURCHASE_SOLD_ITEM VALUES(101,104)
INSERT INTO PURCHASE_SOLD_ITEM VALUES(101,105)
INSERT INTO PURCHASE_SOLD_ITEM VALUES(101,106)
INSERT INTO PURCHASE_SOLD_ITEM VALUES(101,107)
INSERT INTO PURCHASE_SOLD_ITEM VALUES(101,108)
INSERT INTO PURCHASE_SOLD_ITEM VALUES(101,109)
INSERT INTO PURCHASE_SOLD_ITEM VALUES(110,111)
INSERT INTO PURCHASE_SOLD_ITEM VALUES(110,112)
INSERT INTO PURCHASE_SOLD_ITEM VALUES(110,113)
INSERT INTO PURCHASE_SOLD_ITEM VALUES(110,114)
INSERT INTO PURCHASE_SOLD_ITEM VALUES(110,115)
INSERT INTO PURCHASE_SOLD_ITEM VALUES(110,116)
INSERT INTO PURCHASE_SOLD_ITEM VALUES(110,117)
INSERT INTO PURCHASE_SOLD_ITEM VALUES(110,118)
INSERT INTO PURCHASE_SOLD_ITEM VALUES(110,119)
INSERT INTO PURCHASE_SOLD_ITEM VALUES(120,121)
INSERT INTO PURCHASE_SOLD_ITEM VALUES(120,122)
INSERT INTO PURCHASE_SOLD_ITEM VALUES(120,123)
INSERT INTO PURCHASE_SOLD_ITEM VALUES(124,125)
INSERT INTO PURCHASE_SOLD_ITEM VALUES(124,126)
INSERT INTO PURCHASE_SOLD_ITEM VALUES(124,127)
INSERT INTO PURCHASE_SOLD_ITEM VALUES(124,128)
INSERT INTO PURCHASE_SOLD_ITEM VALUES(124,129)
INSERT INTO PURCHASE_SOLD_ITEM VALUES(130,131)
INSERT INTO PURCHASE_SOLD_ITEM VALUES(130,132)
INSERT INTO PURCHASE_SOLD_ITEM VALUES(130,133)
INSERT INTO PURCHASE_SOLD_ITEM VALUES(130,134)
INSERT INTO PURCHASE_SOLD_ITEM VALUES(135,136)
INSERT INTO PURCHASE_SOLD_ITEM VALUES(135,137)
INSERT INTO PURCHASE_SOLD_ITEM VALUES(135,138)
INSERT INTO PURCHASE_SOLD_ITEM VALUES(135,139)
INSERT INTO PURCHASE_SOLD_ITEM VALUES(135,140)
ALTER SEQUENCE PUBLIC.HIBERNATE_SEQUENCE RESTART WITH 141
COMMIT
